2018-04-27 23:56:31,740  INFO [qtp1706939736-24] (LoggingContextImpl.java:420) - [FileMonitorImpl] Aura file monitor started
2018-04-27 23:56:31,753  INFO [qtp1706939736-24] (LoggingContextImpl.java:420) - [FileMonitorImpl] Monitoring directory /Users/pauljuneau/Documents/workspace/helloWorld/src/main/components
2018-04-27 23:56:31,788  INFO [qtp1706939736-24] (LoggingContextImpl.java:420) - [FileMonitorImpl] Monitoring directory /Users/pauljuneau/Documents/workspace/helloWorld/src/main/modules
2018-04-27 23:56:34,890  INFO [qtp1706939736-24] (LoggingContextImpl.java:420) - [node-tool] ModulesCompilerServiceImpl: entry=example/text-cmp/text-cmp.js, elapsedMs=2947, nodeServiceType=Sidecar[]
2018-04-27 23:56:35,044  INFO [qtp1706939736-24] (LoggingContextImpl.java:420) - no JsonSerializer found for:org.auraframework.impl.css.token.StyleContextImpl
2018-04-27 23:56:35,165  INFO [qtp1706939736-24] (LoggingContextImpl.java:395) - definitionCreation: 3058;auraInternalTimer: 6;defVisitCount: 121;requestMethod: GET;componentCreation: 34;serialization: 237;java: 39;JavaCallCount: 60;auraRequestURI: /example/helloWorld.app;cmpCount: 122;defCount: 5;httpStatus: 200;serializationAura: 237;defDescriptorCount: 0;
2018-04-27 23:56:35,255  INFO [qtp1706939736-25] (LoggingContextImpl.java:420) - no JsonSerializer found for:org.auraframework.impl.root.application.ApplicationDefImpl
2018-04-27 23:56:35,256  INFO [qtp1706939736-25] (LoggingContextImpl.java:420) - no JsonSerializer found for:org.auraframework.impl.DefinitionAccessImpl
2018-04-27 23:56:35,257  INFO [qtp1706939736-25] (LoggingContextImpl.java:420) - no JsonSerializer found for:org.auraframework.impl.system.DefDescriptorImpl
2018-04-27 23:56:35,258  INFO [qtp1706939736-25] (LoggingContextImpl.java:420) - no JsonSerializer found for:org.auraframework.impl.root.AttributeDefImpl
2018-04-27 23:56:35,259  INFO [qtp1706939736-25] (LoggingContextImpl.java:420) - no JsonSerializer found for:org.auraframework.impl.root.AttributeDefRefImpl
2018-04-27 23:56:35,260  INFO [qtp1706939736-25] (LoggingContextImpl.java:420) - no JsonSerializer found for:org.auraframework.impl.root.component.ComponentDefRefImpl
2018-04-27 23:56:35,261  INFO [qtp1706939736-25] (LoggingContextImpl.java:420) - no JsonSerializer found for:org.auraframework.impl.root.component.ComponentDefImpl
2018-04-27 23:56:35,263  INFO [qtp1706939736-25] (LoggingContextImpl.java:420) - no JsonSerializer found for:org.auraframework.impl.root.component.DefRefDelegate
2018-04-27 23:56:35,266  INFO [qtp1706939736-23] (LoggingContextImpl.java:420) - no JsonSerializer found for:org.auraframework.impl.css.style.StyleDefImpl
2018-04-27 23:56:35,268  INFO [qtp1706939736-25] (LoggingContextImpl.java:420) - no JsonSerializer found for:org.auraframework.impl.root.event.EventDefImpl
2018-04-27 23:56:35,277  INFO [qtp1706939736-21] (LoggingContextImpl.java:420) - no JsonSerializer found for:org.auraframework.impl.adapter.LocaleValueProvider$LocalizedLabel
2018-04-27 23:56:35,273  INFO [qtp1706939736-42] (LoggingContextImpl.java:395) - auraRequestURI: /auraFW/resources/Tfw1Ql4DEqIclHyeY-pjrQ/aura/resetCSS.css;cmpCount: 0;defCount: 0;requestMethod: GET;pageURI: http://localhost:8080/example/helloWorld.app;httpStatus: 200;defDescriptorCount: 0;
2018-04-27 23:56:35,289  INFO [qtp1706939736-25] (LoggingContextImpl.java:420) - no JsonSerializer found for:org.auraframework.impl.root.component.ModuleDefImpl
2018-04-27 23:56:35,307  INFO [qtp1706939736-25] (LoggingContextImpl.java:445) - Cache altStringsCache: cache miss for key: JS:DEV:BWWfhIquYglxnuCrLqYBhQ:1::ls;hit rate=0.000 (size=0, CacheStats{hitCount=0, missCount=2, loadSuccessCount=0, loadExceptionCount=0, totalLoadTime=0, evictionCount=0})
2018-04-27 23:56:35,308  INFO [qtp1706939736-25] (LoggingContextImpl.java:395) - app: example:helloWorld;auraRequestURI: /auraResource;auraRequestQuery: aura.format=js&aura.context={"mode":"DEV","app":"example:helloWorld","serializationVersion":1,"loaded":{"APPLICATION@markup://example:helloWorld":"BWWfhIquYglxnuCrLqYBhQ"},"pathPrefix":"","ls":1,"csp":1,"fr":1,"uad":1}&aura.type=app;cmpCount: 0;defCount: 0;requestMethod: GET;pageURI: http://localhost:8080/example/helloWorld.app;httpStatus: 200;defDescriptorCount: 0;
2018-04-27 23:56:35,423  INFO [qtp1706939736-21] (LoggingContextImpl.java:420) - no JsonSerializer found for:org.auraframework.system.AuraContext$GlobalValue
2018-04-27 23:56:35,425  INFO [qtp1706939736-21] (LoggingContextImpl.java:420) - no JsonSerializer found for:org.auraframework.impl.root.application.ApplicationImpl
2018-04-27 23:56:35,427  INFO [qtp1706939736-23] (LoggingContextImpl.java:420) - no JsonSerializer found for:org.auraframework.impl.java.controller.JavaControllerDefImpl
2018-04-27 23:56:35,436  INFO [qtp1706939736-23] (LoggingContextImpl.java:420) - no JsonSerializer found for:org.auraframework.impl.java.controller.JavaActionDef
2018-04-27 23:56:35,437  INFO [qtp1706939736-23] (LoggingContextImpl.java:420) - no JsonSerializer found for:org.auraframework.impl.system.SubDefDescriptorImpl
2018-04-27 23:56:35,441  INFO [qtp1706939736-23] (LoggingContextImpl.java:420) - no JsonSerializer found for:org.auraframework.impl.java.model.JavaValueDef
2018-04-27 23:56:35,455  INFO [qtp1706939736-23] (LoggingContextImpl.java:445) - Cache altStringsCache: cache miss for key: JS:DEV:BWWfhIquYglxnuCrLqYBhQ:0::ls;hit rate=0.000 (size=1, CacheStats{hitCount=0, missCount=2, loadSuccessCount=1, loadExceptionCount=0, totalLoadTime=0, evictionCount=0})
2018-04-27 23:56:35,459  INFO [qtp1706939736-23] (LoggingContextImpl.java:395) - app: example:helloWorld;auraRequestURI: /auraResource;auraRequestQuery: aura.format=js&aura.context={"mode":"DEV","app":"example:helloWorld","serializationVersion":1,"loaded":{"APPLICATION@markup://example:helloWorld":"BWWfhIquYglxnuCrLqYBhQ"},"pathPrefix":"","ls":1,"csp":1,"fr":1,"uad":1}&aura.type=appcore;cmpCount: 0;defCount: 0;requestMethod: GET;pageURI: http://localhost:8080/example/helloWorld.app;httpStatus: 200;defDescriptorCount: 0;
2018-04-27 23:56:35,515  INFO [qtp1706939736-21] (LoggingContextImpl.java:395) - app: example:helloWorld;definitionCreation: 0;auraInternalTimer: 0;defVisitCount: 1;requestMethod: GET;pageURI: http://localhost:8080/example/helloWorld.app;componentCreation: 52;java: 18;JavaCallCount: 60;auraRequestURI: /auraResource;auraRequestQuery: aura.format=js&aura.context={"mode":"DEV","app":"example:helloWorld","fwuid":"Tfw1Ql4DEqIclHyeY-pjrQ","loaded":{"APPLICATION@markup://example:helloWorld":"BWWfhIquYglxnuCrLqYBhQ"},"pathPrefix":"","ls":1,"csp":1,"fr":1,"uad":1}&aura.type=inline&jwt=TESTJWT;cmpCount: 125;defCount: 0;httpStatus: 200;defDescriptorCount: 0;
2018-04-27 23:56:35,647  INFO [qtp1706939736-41] (LoggingContextImpl.java:395) - auraRequestURI: /auraFW/javascript/Tfw1Ql4DEqIclHyeY-pjrQ/aura_dev.js;cmpCount: 0;defCount: 0;requestMethod: GET;pageURI: http://localhost:8080/example/helloWorld.app;httpStatus: 200;defDescriptorCount: 0;
2018-04-27 23:56:36,169  INFO [qtp1706939736-22] (LoggingContextImpl.java:395) - app: example:helloWorld;auraRequestURI: /auraResource;auraRequestQuery: aura.format=css&aura.context={"mode":"DEV","app":"example:helloWorld","loaded":{"APPLICATION@markup://example:helloWorld":"BWWfhIquYglxnuCrLqYBhQ"},"styleContext":{"c":"webkit","cuid":-791796990},"pathPrefix":"","ls":1,"csp":1,"fr":1,"uad":1}&aura.type=app;cmpCount: 0;defCount: 0;requestMethod: GET;pageURI: http://localhost:8080/example/helloWorld.app;httpStatus: 200;defDescriptorCount: 0;
2018-04-28 00:03:22,591  INFO [qtp1706939736-43] (LoggingContextImpl.java:395) - definitionCreation: 216;auraInternalTimer: 0;defVisitCount: 976;requestMethod: GET;componentCreation: 26;serialization: 58;java: 13;JavaCallCount: 71;auraRequestURI: /auradocs/docs.app;cmpCount: 152;defCount: 9;httpStatus: 200;serializationAura: 58;defDescriptorCount: 0;
2018-04-28 00:03:22,644  INFO [qtp1706939736-45] (LoggingContextImpl.java:420) - no JsonSerializer found for:org.auraframework.impl.root.event.RegisterEventDefImpl
2018-04-28 00:03:22,649  INFO [qtp1706939736-45] (LoggingContextImpl.java:420) - no JsonSerializer found for:org.auraframework.impl.root.event.EventHandlerDefImpl
2018-04-28 00:03:22,652  INFO [qtp1706939736-24] (LoggingContextImpl.java:395) - auraRequestURI: /auraFW/resources/codemirror/lib/codemirror.js;cmpCount: 0;defCount: 0;requestMethod: GET;pageURI: http://localhost:8080/auradocs/docs.app;httpStatus: 200;defDescriptorCount: 0;
2018-04-28 00:03:22,656  INFO [qtp1706939736-22] (LoggingContextImpl.java:420) - no JsonSerializer found for:org.auraframework.impl.root.MethodDefImpl
2018-04-28 00:03:22,661  INFO [qtp1706939736-22] (LoggingContextImpl.java:420) - no JsonSerializer found for:org.auraframework.impl.root.locator.LocatorDefImpl
2018-04-28 00:03:22,664  INFO [qtp1706939736-50] (LoggingContextImpl.java:420) - no JsonSerializer found for:org.auraframework.impl.root.AttributeSetImpl
2018-04-28 00:03:22,686  INFO [qtp1706939736-45] (LoggingContextImpl.java:420) - no JsonSerializer found for:org.auraframework.impl.compound.controller.CompoundControllerDef
2018-04-28 00:03:22,666  INFO [qtp1706939736-19] (LoggingContextImpl.java:395) - auraRequestURI: /auraFW/resources/codemirror/addon/display/autorefresh.js;cmpCount: 0;defCount: 0;requestMethod: GET;pageURI: http://localhost:8080/auradocs/docs.app;httpStatus: 200;defDescriptorCount: 0;
2018-04-28 00:03:22,719  INFO [qtp1706939736-49] (LoggingContextImpl.java:395) - auraRequestURI: /auraFW/resources/codemirror/mode/clike/clike.js;cmpCount: 0;defCount: 0;requestMethod: GET;pageURI: http://localhost:8080/auradocs/docs.app;httpStatus: 200;defDescriptorCount: 0;
2018-04-28 00:03:22,724  INFO [qtp1706939736-45] (LoggingContextImpl.java:420) - no JsonSerializer found for:org.auraframework.impl.java.model.JavaModelDefImpl
2018-04-28 00:03:22,729  INFO [qtp1706939736-43] (LoggingContextImpl.java:395) - auraRequestURI: /auraFW/resources/codemirror/lib/codemirror.css;cmpCount: 0;defCount: 0;requestMethod: GET;pageURI: http://localhost:8080/auradocs/docs.app;httpStatus: 200;defDescriptorCount: 0;
2018-04-28 00:03:22,738  INFO [qtp1706939736-22] (LoggingContextImpl.java:420) - no JsonSerializer found for:org.auraframework.impl.css.flavor.FlavoredStyleDefImpl
2018-04-28 00:03:22,738  INFO [qtp1706939736-51] (LoggingContextImpl.java:395) - auraRequestURI: /auraFW/resources/codemirror/mode/css/css.js;cmpCount: 0;defCount: 0;requestMethod: GET;pageURI: http://localhost:8080/auradocs/docs.app;httpStatus: 200;defDescriptorCount: 0;
2018-04-28 00:03:22,742  INFO [qtp1706939736-24] (LoggingContextImpl.java:395) - auraRequestURI: /auraFW/resources/codemirror/mode/htmlmixed/htmlmixed.js;cmpCount: 0;defCount: 0;requestMethod: GET;pageURI: http://localhost:8080/auradocs/docs.app;httpStatus: 200;defDescriptorCount: 0;
2018-04-28 00:03:22,750  INFO [qtp1706939736-19] (LoggingContextImpl.java:395) - auraRequestURI: /auraFW/resources/codemirror/mode/javascript/javascript.js;cmpCount: 0;defCount: 0;requestMethod: GET;pageURI: http://localhost:8080/auradocs/docs.app;httpStatus: 200;defDescriptorCount: 0;
2018-04-28 00:03:22,751  INFO [qtp1706939736-49] (LoggingContextImpl.java:395) - auraRequestURI: /auraFW/resources/codemirror/mode/xml/xml.js;cmpCount: 0;defCount: 0;requestMethod: GET;pageURI: http://localhost:8080/auradocs/docs.app;httpStatus: 200;defDescriptorCount: 0;
2018-04-28 00:03:22,764  INFO [qtp1706939736-45] (LoggingContextImpl.java:445) - Cache altStringsCache: cache miss for key: JS:DEV:2V9KyapIW-ahPty9CEBdKQ:1::ls;hit rate=0.000 (size=2, CacheStats{hitCount=0, missCount=4, loadSuccessCount=2, loadExceptionCount=0, totalLoadTime=0, evictionCount=0})
2018-04-28 00:03:22,760  INFO [qtp1706939736-50] (LoggingContextImpl.java:395) - app: auradocs:docs;definitionCreation: 0;auraInternalTimer: 98;defVisitCount: 4;requestMethod: GET;pageURI: http://localhost:8080/auradocs/docs.app;componentCreation: 67;java: 18;JavaCallCount: 73;auraRequestURI: /auraResource;auraRequestQuery: aura.format=js&aura.context={"mode":"DEV","app":"auradocs:docs","fwuid":"Tfw1Ql4DEqIclHyeY-pjrQ","loaded":{"APPLICATION@markup://auradocs:docs":"2V9KyapIW-ahPty9CEBdKQ"},"pathPrefix":"","ls":1,"csp":1,"fr":1,"uad":1}&aura.type=inline&jwt=TESTJWT;cmpCount: 189;defCount: 1;httpStatus: 200;defDescriptorCount: 0;
2018-04-28 00:03:22,863  INFO [qtp1706939736-45] (LoggingContextImpl.java:395) - app: auradocs:docs;definitionCreation: 8;defVisitCount: 17;auraRequestURI: /auraResource;auraRequestQuery: aura.format=js&aura.context={"mode":"DEV","app":"auradocs:docs","serializationVersion":1,"loaded":{"APPLICATION@markup://auradocs:docs":"2V9KyapIW-ahPty9CEBdKQ"},"pathPrefix":"","ls":1,"csp":1,"fr":1,"uad":1}&aura.type=app;cmpCount: 0;defCount: 7;requestMethod: GET;pageURI: http://localhost:8080/auradocs/docs.app;httpStatus: 200;defDescriptorCount: 0;
2018-04-28 00:03:22,885  INFO [qtp1706939736-41] (LoggingContextImpl.java:395) - app: auradocs:docs;auraRequestURI: /auraResource;auraRequestQuery: aura.format=css&aura.context={"mode":"DEV","app":"auradocs:docs","loaded":{"APPLICATION@markup://auradocs:docs":"2V9KyapIW-ahPty9CEBdKQ"},"styleContext":{"c":"webkit","cuid":-791796990},"pathPrefix":"","ls":1,"csp":1,"fr":1,"uad":1}&aura.type=app;cmpCount: 0;defCount: 0;requestMethod: GET;pageURI: http://localhost:8080/auradocs/docs.app;httpStatus: 200;defDescriptorCount: 0;
2018-04-28 00:03:22,972  INFO [qtp1706939736-22] (LoggingContextImpl.java:420) - no JsonSerializer found for:org.auraframework.impl.root.library.LibraryDefImpl
2018-04-28 00:03:22,984  INFO [qtp1706939736-22] (LoggingContextImpl.java:445) - Cache altStringsCache: cache miss for key: JS:DEV:2V9KyapIW-ahPty9CEBdKQ:0::ls;hit rate=0.000 (size=3, CacheStats{hitCount=0, missCount=4, loadSuccessCount=3, loadExceptionCount=0, totalLoadTime=0, evictionCount=0})
2018-04-28 00:03:23,011  INFO [qtp1706939736-22] (LoggingContextImpl.java:395) - app: auradocs:docs;definitionCreation: 10;defVisitCount: 50;auraRequestURI: /auraResource;auraRequestQuery: aura.format=js&aura.context={"mode":"DEV","app":"auradocs:docs","serializationVersion":1,"loaded":{"APPLICATION@markup://auradocs:docs":"2V9KyapIW-ahPty9CEBdKQ"},"pathPrefix":"","ls":1,"csp":1,"fr":1,"uad":1}&aura.type=appcore;cmpCount: 0;defCount: 25;requestMethod: GET;pageURI: http://localhost:8080/auradocs/docs.app;httpStatus: 200;defDescriptorCount: 0;
2018-04-28 00:03:23,211  INFO [qtp1706939736-46] (LoggingContextImpl.java:395) - auraRequestURI: /auraFW/resources/aura/s.gif;cmpCount: 0;defCount: 0;requestMethod: GET;pageURI: http://localhost:8080/auradocs/docs.app;httpStatus: 200;defDescriptorCount: 0;
2018-04-28 00:03:23,213  INFO [qtp1706939736-24] (LoggingContextImpl.java:395) - auraRequestURI: /auraFW/resources/aura/images/logo.png;cmpCount: 0;defCount: 0;requestMethod: GET;pageURI: http://localhost:8080/auradocs/docs.app;httpStatus: 200;defDescriptorCount: 0;
2018-04-28 00:03:23,285  INFO [qtp1706939736-51] (LoggingContextImpl.java:395) - auraRequestURI: /auraFW/resources/aura/images/docsspinner.gif;cmpCount: 0;defCount: 0;requestMethod: GET;pageURI: http://localhost:8080/l/%7B%22mode%22%3A%22DEV%22%2C%22app%22%3A%22auradocs%3Adocs%22%2C%22loaded%22%3A%7B%22APPLICATION%40markup%3A%2F%2Fauradocs%3Adocs%22%3A%222V9KyapIW-ahPty9CEBdKQ%22%7D%2C%22styleContext%22%3A%7B%22c%22%3A%22webkit%22%2C%22cuid%22%3A-791796990%7D%2C%22pathPrefix%22%3A%22%22%2C%22ls%22%3A1%2C%22csp%22%3A1%2C%22fr%22%3A1%2C%22uad%22%3A1%7D/app.css;httpStatus: 200;defDescriptorCount: 0;
2018-04-28 00:03:23,288  INFO [qtp1706939736-43] (LoggingContextImpl.java:420) - no JsonSerializer found for:org.auraframework.impl.root.component.ComponentImpl
2018-04-28 00:03:23,305  INFO [qtp1706939736-43] (LoggingContextImpl.java:395) - app: auradocs:docs;definitionCreation: 20;auraInternalTimer: 23;defVisitCount: 1330;requestMethod: POST;pageURI: /auradocs/docs.app;auraRunTime: 69;componentCreation: 36;serialization: 16;java: 46;action_1$java://org.auraframework.docs.DocsController/ACTION$getTopic: 46;JavaCallCount: 7;auraRequestURI: /aura;auraRequestQuery: r=0&docs.Docs.getTopic=1;cmpCount: 68;defCount: 3;httpStatus: 200;deSerialization: 14;serializationAura: 16;defDescriptorCount: 0;
2018-04-28 00:03:23,324  INFO [qtp1706939736-43] (LoggingContextImpl.java:246) - 1$java://org.auraframework.docs.DocsController/ACTION$getTopic;definitionCreation: 15;defVisitCount: 787;cmpCount: 68;defCount: 3;action_: 46;auraRunTime: 47
2018-04-28 00:03:28,420  INFO [qtp1706939736-50] (LoggingContextImpl.java:395) - auraInternalTimer: 0;requestMethod: GET;componentCreation: 18;serialization: 28;java: 3;JavaCallCount: 71;auraRequestURI: /auradocs/docs.app;cmpCount: 152;defCount: 0;httpStatus: 200;serializationAura: 28;defDescriptorCount: 0;
2018-04-28 00:03:28,463  INFO [qtp1706939736-45] (LoggingContextImpl.java:395) - auraRequestURI: /auraFW/resources/codemirror/lib/codemirror.js;cmpCount: 0;defCount: 0;requestMethod: GET;pageURI: http://localhost:8080/auradocs/docs.app;httpStatus: 200;defDescriptorCount: 0;
2018-04-28 00:03:28,468  INFO [qtp1706939736-51] (LoggingContextImpl.java:395) - auraRequestURI: /auraFW/resources/codemirror/mode/htmlmixed/htmlmixed.js;cmpCount: 0;defCount: 0;requestMethod: GET;pageURI: http://localhost:8080/auradocs/docs.app;httpStatus: 200;defDescriptorCount: 0;
2018-04-28 00:03:28,469  INFO [qtp1706939736-43] (LoggingContextImpl.java:395) - auraRequestURI: /auraFW/resources/codemirror/mode/css/css.js;cmpCount: 0;defCount: 0;requestMethod: GET;pageURI: http://localhost:8080/auradocs/docs.app;httpStatus: 200;defDescriptorCount: 0;
2018-04-28 00:03:28,469  INFO [qtp1706939736-41] (LoggingContextImpl.java:395) - auraRequestURI: /auraFW/resources/codemirror/mode/javascript/javascript.js;cmpCount: 0;defCount: 0;requestMethod: GET;pageURI: http://localhost:8080/auradocs/docs.app;httpStatus: 200;defDescriptorCount: 0;
2018-04-28 00:03:28,475  INFO [qtp1706939736-18] (LoggingContextImpl.java:395) - auraRequestURI: /auraFW/resources/codemirror/mode/clike/clike.js;cmpCount: 0;defCount: 0;requestMethod: GET;pageURI: http://localhost:8080/auradocs/docs.app;httpStatus: 200;defDescriptorCount: 0;
2018-04-28 00:03:28,475  INFO [qtp1706939736-22] (LoggingContextImpl.java:395) - auraRequestURI: /auraFW/resources/codemirror/mode/xml/xml.js;cmpCount: 0;defCount: 0;requestMethod: GET;pageURI: http://localhost:8080/auradocs/docs.app;httpStatus: 200;defDescriptorCount: 0;
2018-04-28 00:03:28,472  INFO [qtp1706939736-45] (LoggingContextImpl.java:395) - auraRequestURI: /auraFW/resources/codemirror/addon/display/autorefresh.js;cmpCount: 0;defCount: 0;requestMethod: GET;pageURI: http://localhost:8080/auradocs/docs.app;httpStatus: 200;defDescriptorCount: 0;
2018-04-28 00:03:28,530  INFO [qtp1706939736-24] (LoggingContextImpl.java:395) - app: auradocs:docs;definitionCreation: 0;auraInternalTimer: 45;defVisitCount: 2;requestMethod: GET;pageURI: http://localhost:8080/auradocs/docs.app;componentCreation: 35;java: 5;JavaCallCount: 73;auraRequestURI: /auraResource;auraRequestQuery: aura.format=js&aura.context={"mode":"DEV","app":"auradocs:docs","fwuid":"Tfw1Ql4DEqIclHyeY-pjrQ","loaded":{"APPLICATION@markup://auradocs:docs":"2V9KyapIW-ahPty9CEBdKQ"},"pathPrefix":"","ls":1,"csp":1,"fr":1,"uad":1}&aura.type=inline&jwt=TESTJWT;cmpCount: 189;defCount: 1;httpStatus: 200;defDescriptorCount: 0;
2018-04-28 00:03:28,674  INFO [qtp1706939736-51] (LoggingContextImpl.java:395) - app: auradocs:docs;definitionCreation: 0;auraInternalTimer: 9;defVisitCount: 2;requestMethod: POST;pageURI: /auradocs/docs.app;auraRunTime: 17;componentCreation: 11;serialization: 4;java: 11;action_1$java://org.auraframework.docs.DocsController/ACTION$getTopic: 12;JavaCallCount: 7;auraRequestURI: /aura;auraRequestQuery: r=0&docs.Docs.getTopic=1;cmpCount: 68;defCount: 1;httpStatus: 200;deSerialization: 0;serializationAura: 4;defDescriptorCount: 0;
2018-04-28 00:03:28,675  INFO [qtp1706939736-51] (LoggingContextImpl.java:246) - 1$java://org.auraframework.docs.DocsController/ACTION$getTopic;cmpCount: 68;defCount: 1;action_: 12;auraRunTime: 12
2018-04-28 00:48:49,970  INFO [qtp1469235340-17] (LoggingContextImpl.java:420) - [FileMonitorImpl] Aura file monitor started
2018-04-28 00:48:49,988  INFO [qtp1469235340-17] (LoggingContextImpl.java:420) - [FileMonitorImpl] Monitoring directory /Users/pauljuneau/Documents/workspace/helloWorld/src/main/components
2018-04-28 00:48:50,049  INFO [qtp1469235340-17] (LoggingContextImpl.java:420) - [FileMonitorImpl] Monitoring directory /Users/pauljuneau/Documents/workspace/helloWorld/src/main/modules
2018-04-28 00:48:53,765  INFO [qtp1469235340-17] (LoggingContextImpl.java:420) - [node-tool] ModulesCompilerServiceImpl: entry=example/text-cmp/text-cmp.js, elapsedMs=3241, nodeServiceType=Sidecar[]
2018-04-28 00:48:54,010  INFO [qtp1469235340-17] (LoggingContextImpl.java:420) - no JsonSerializer found for:org.auraframework.impl.css.token.StyleContextImpl
2018-04-28 00:48:54,126  INFO [qtp1469235340-17] (LoggingContextImpl.java:395) - definitionCreation: 3664;auraInternalTimer: 5;defVisitCount: 121;requestMethod: GET;pageURI: http://localhost:8080/;componentCreation: 46;serialization: 325;java: 23;JavaCallCount: 60;auraRequestURI: /example/helloWorld.app;cmpCount: 122;defCount: 5;httpStatus: 200;serializationAura: 325;defDescriptorCount: 0;
2018-04-28 00:48:54,205  INFO [qtp1469235340-38] (LoggingContextImpl.java:420) - no JsonSerializer found for:org.auraframework.impl.adapter.LocaleValueProvider$LocalizedLabel
2018-04-28 00:48:54,228  INFO [qtp1469235340-38] (LoggingContextImpl.java:420) - no JsonSerializer found for:org.auraframework.system.AuraContext$GlobalValue
2018-04-28 00:48:54,229  INFO [qtp1469235340-38] (LoggingContextImpl.java:420) - no JsonSerializer found for:org.auraframework.impl.root.application.ApplicationImpl
2018-04-28 00:48:54,230  INFO [qtp1469235340-38] (LoggingContextImpl.java:420) - no JsonSerializer found for:org.auraframework.impl.system.DefDescriptorImpl
2018-04-28 00:48:54,290  INFO [qtp1469235340-38] (LoggingContextImpl.java:395) - app: example:helloWorld;definitionCreation: 0;auraInternalTimer: 0;defVisitCount: 1;requestMethod: GET;pageURI: http://localhost:8080/example/helloWorld.app;componentCreation: 37;java: 7;JavaCallCount: 60;auraRequestURI: /auraResource;auraRequestQuery: aura.format=js&aura.context={"mode":"DEV","app":"example:helloWorld","fwuid":"Tfw1Ql4DEqIclHyeY-pjrQ","loaded":{"APPLICATION@markup://example:helloWorld":"BWWfhIquYglxnuCrLqYBhQ"},"pathPrefix":"","ls":1,"csp":1,"fr":1,"uad":1}&aura.type=inline&jwt=TESTJWT;cmpCount: 125;defCount: 0;httpStatus: 200;defDescriptorCount: 0;
